<?xml version="1.0" encoding="UTF-8"?>
<!-- Generated by org.testng.reporters.JUnitReportReporter -->
<testsuite hostname="LAPTOP-631VRCAJ" failures="0" tests="1" name="org.flipkart.test.FlipkartTestOne" time="14.042" errors="0" timestamp="2023-03-13T00:05:31 IST" skipped="0">
  <testcase classname="org.flipkart.test.FlipkartTestOne" name="runAutomation" time="14.042"/>
  <system-out/>
</testsuite> <!-- org.flipkart.test.FlipkartTestOne -->
