<?xml version="1.0" encoding="UTF-8"?>
<!-- Generated by org.testng.reporters.JUnitReportReporter -->
<testsuite hostname="LAPTOP-631VRCAJ" failures="0" tests="1" name="org.demoqa.test.DemoqaDragDropTest" time="8.982" errors="0" timestamp="2023-03-13T00:05:31 IST" skipped="0">
  <testcase classname="org.demoqa.test.DemoqaDragDropTest" name="childParentFrameTest" time="8.982"/>
  <system-out/>
</testsuite> <!-- org.demoqa.test.DemoqaDragDropTest -->
