<?xml version="1.0" encoding="UTF-8"?>
<!-- Generated by org.testng.reporters.JUnitReportReporter -->
<testsuite hostname="LAPTOP-631VRCAJ" failures="0" tests="1" name="org.application.test.FlipkartTestOne" time="12.752" errors="0" timestamp="2023-03-12T14:31:01 IST" skipped="0">
  <testcase classname="org.application.test.FlipkartTestOne" name="runAUtomation" time="12.752"/>
  <system-out/>
</testsuite> <!-- org.application.test.FlipkartTestOne -->
