<?xml version="1.0" encoding="UTF-8"?>
<!-- Generated by org.testng.reporters.JUnitReportReporter -->
<testsuite hostname="LAPTOP-631VRCAJ" failures="0" tests="1" name="org.application.test.DemoqaDragDropTest" time="6.724" errors="0" timestamp="2023-03-12T14:56:13 IST" skipped="0">
  <testcase classname="org.application.test.DemoqaDragDropTest" name="childParentFrameTest" time="6.724"/>
  <system-out/>
</testsuite> <!-- org.application.test.DemoqaDragDropTest -->
